# JRE version: OpenJDK Runtime Environment (21.0.6) (build 21.0.6+-13355223-b631.42)
# Java VM: OpenJDK 64-Bit Server VM (21.0.6+-13355223-b631.42, mixed mode, tiered, compressed oops, compressed class ptrs, g1 gc, windows-amd64)
GC Precious Log:
 CardTable entry size: 512
 Card Set container configuration: InlinePtr #cards 5 size 8 Array Of Cards #cards 12 size 40 Howl #buckets 4 coarsen threshold 1843 Howl Bitmap #cards 512 size 80 coarsen threshold 460 Card regions per heap region 1 cards per card region 2048
 CPUs: 12 total, 12 available
 Memory: 12159M
 Large Page Support: Disabled
 NUMA Support: Disabled
 Compressed Oops: Enabled (32-bit)
 Heap Region Size: 1M
 Heap Min Capacity: 8M
 Heap Initial Capacity: 190M
 Heap Max Capacity: 2G
 Pre-touch: Disabled
 Parallel Workers: 10
 Concurrent Workers: 3
 Concurrent Refinement Workers: 10
 Periodic GC: Disabled
Heap:
 garbage-first heap   total 83968K, used 54167K [0x0000000080000000, 0x0000000100000000)
  region size 1024K, 23 young (23552K), 3 survivors (3072K)
 Metaspace       used 51818K, committed 53312K, reserved 1114112K
  class space    used 7069K, committed 7808K, reserved 1048576K
GC Heap History (20 events):
Event: 0.313 GC heap before
{Heap before GC invocations=0 (full 0):
 garbage-first heap   total 194560K, used 23552K [0x0000000080000000, 0x0000000100000000)
  region size 1024K, 23 young (23552K), 0 survivors (0K)
 Metaspace       used 8039K, committed 8192K, reserved 1114112K
  class space    used 716K, committed 768K, reserved 1048576K
}
Event: 0.315 GC heap after
{Heap after GC invocations=1 (full 0):
 garbage-first heap   total 194560K, used 2688K [0x0000000080000000, 0x0000000100000000)
  region size 1024K, 3 young (3072K), 3 survivors (3072K)
 Metaspace       used 8039K, committed 8192K, reserved 1114112K
  class space    used 716K, committed 768K, reserved 1048576K
}
Event: 0.656 GC heap before
{Heap before GC invocations=1 (full 0):
 garbage-first heap   total 194560K, used 40576K [0x0000000080000000, 0x0000000100000000)
  region size 1024K, 38 young (38912K), 3 survivors (3072K)
 Metaspace       used 12210K, committed 12416K, reserved 1114112K
  class space    used 1278K, committed 1408K, reserved 1048576K
}
Event: 0.659 GC heap after
{Heap after GC invocations=2 (full 0):
 garbage-first heap   total 194560K, used 10552K [0x0000000080000000, 0x0000000100000000)
  region size 1024K, 5 young (5120K), 5 survivors (5120K)
 Metaspace       used 12210K, committed 12416K, reserved 1114112K
  class space    used 1278K, committed 1408K, reserved 1048576K
}
Event: 1.148 GC heap before
{Heap before GC invocations=2 (full 0):
 garbage-first heap   total 194560K, used 61752K [0x0000000080000000, 0x0000000100000000)
  region size 1024K, 53 young (54272K), 5 survivors (5120K)
 Metaspace       used 13182K, committed 13440K, reserved 1114112K
  class space    used 1447K, committed 1600K, reserved 1048576K
}
Event: 1.153 GC heap after
{Heap after GC invocations=3 (full 0):
 garbage-first heap   total 194560K, used 16496K [0x0000000080000000, 0x0000000100000000)
  region size 1024K, 5 young (5120K), 5 survivors (5120K)
 Metaspace       used 13182K, committed 13440K, reserved 1114112K
  class space    used 1447K, committed 1600K, reserved 1048576K
}
Event: 1.602 GC heap before
{Heap before GC invocations=3 (full 0):
 garbage-first heap   total 194560K, used 43120K [0x0000000080000000, 0x0000000100000000)
  region size 1024K, 32 young (32768K), 5 survivors (5120K)
 Metaspace       used 21195K, committed 21504K, reserved 1114112K
  class space    used 2441K, committed 2624K, reserved 1048576K
}
Event: 1.605 GC heap after
{Heap after GC invocations=4 (full 0):
 garbage-first heap   total 194560K, used 20050K [0x0000000080000000, 0x0000000100000000)
  region size 1024K, 9 young (9216K), 9 survivors (9216K)
 Metaspace       used 21195K, committed 21504K, reserved 1114112K
  class space    used 2441K, committed 2624K, reserved 1048576K
}
Event: 2.161 GC heap before
{Heap before GC invocations=5 (full 0):
 garbage-first heap   total 71680K, used 69202K [0x0000000080000000, 0x0000000100000000)
  region size 1024K, 58 young (59392K), 9 survivors (9216K)
 Metaspace       used 29333K, committed 29952K, reserved 1114112K
  class space    used 3734K, committed 4032K, reserved 1048576K
}
Event: 2.166 GC heap after
{Heap after GC invocations=6 (full 0):
 garbage-first heap   total 83968K, used 22623K [0x0000000080000000, 0x0000000100000000)
  region size 1024K, 7 young (7168K), 7 survivors (7168K)
 Metaspace       used 29333K, committed 29952K, reserved 1114112K
  class space    used 3734K, committed 4032K, reserved 1048576K
}
Event: 2.665 GC heap before
{Heap before GC invocations=6 (full 0):
 garbage-first heap   total 83968K, used 64607K [0x0000000080000000, 0x0000000100000000)
  region size 1024K, 49 young (50176K), 7 survivors (7168K)
 Metaspace       used 34936K, committed 35776K, reserved 1114112K
  class space    used 4651K, committed 5056K, reserved 1048576K
}
Event: 2.669 GC heap after
{Heap after GC invocations=7 (full 0):
 garbage-first heap   total 83968K, used 25374K [0x0000000080000000, 0x0000000100000000)
  region size 1024K, 6 young (6144K), 6 survivors (6144K)
 Metaspace       used 34936K, committed 35776K, reserved 1114112K
  class space    used 4651K, committed 5056K, reserved 1048576K
}
Event: 2.706 GC heap before
{Heap before GC invocations=7 (full 0):
 garbage-first heap   total 83968K, used 28446K [0x0000000080000000, 0x0000000100000000)
  region size 1024K, 10 young (10240K), 6 survivors (6144K)
 Metaspace       used 35299K, committed 36096K, reserved 1114112K
  class space    used 4722K, committed 5120K, reserved 1048576K
}
Event: 2.709 GC heap after
{Heap after GC invocations=8 (full 0):
 garbage-first heap   total 83968K, used 25645K [0x0000000080000000, 0x0000000100000000)
  region size 1024K, 4 young (4096K), 4 survivors (4096K)
 Metaspace       used 35299K, committed 36096K, reserved 1114112K
  class space    used 4722K, committed 5120K, reserved 1048576K
}
Event: 3.286 GC heap before
{Heap before GC invocations=9 (full 0):
 garbage-first heap   total 83968K, used 69677K [0x0000000080000000, 0x0000000100000000)
  region size 1024K, 48 young (49152K), 4 survivors (4096K)
 Metaspace       used 41787K, committed 43008K, reserved 1114112K
  class space    used 5658K, committed 6272K, reserved 1048576K
}
Event: 3.288 GC heap after
{Heap after GC invocations=10 (full 0):
 garbage-first heap   total 83968K, used 28472K [0x0000000080000000, 0x0000000100000000)
  region size 1024K, 6 young (6144K), 6 survivors (6144K)
 Metaspace       used 41787K, committed 43008K, reserved 1114112K
  class space    used 5658K, committed 6272K, reserved 1048576K
}
Event: 3.778 GC heap before
{Heap before GC invocations=10 (full 0):
 garbage-first heap   total 83968K, used 71480K [0x0000000080000000, 0x0000000100000000)
  region size 1024K, 49 young (50176K), 6 survivors (6144K)
 Metaspace       used 46612K, committed 47808K, reserved 1114112K
  class space    used 6215K, committed 6848K, reserved 1048576K
}
Event: 3.782 GC heap after
{Heap after GC invocations=11 (full 0):
 garbage-first heap   total 83968K, used 32131K [0x0000000080000000, 0x0000000100000000)
  region size 1024K, 7 young (7168K), 7 survivors (7168K)
 Metaspace       used 46612K, committed 47808K, reserved 1114112K
  class space    used 6215K, committed 6848K, reserved 1048576K
}
Event: 4.051 GC heap before
{Heap before GC invocations=11 (full 0):
 garbage-first heap   total 83968K, used 71043K [0x0000000080000000, 0x0000000100000000)
  region size 1024K, 45 young (46080K), 7 survivors (7168K)
 Metaspace       used 49234K, committed 50624K, reserved 1114112K
  class space    used 6636K, committed 7296K, reserved 1048576K
}
Event: 4.054 GC heap after
{Heap after GC invocations=12 (full 0):
 garbage-first heap   total 83968K, used 34711K [0x0000000080000000, 0x0000000100000000)
  region size 1024K, 3 young (3072K), 3 survivors (3072K)
 Metaspace       used 49234K, committed 50624K, reserved 1114112K
  class space    used 6636K, committed 7296K, reserved 1048576K
}

