# JRE version: OpenJDK Runtime Environment (21.0.6) (build 21.0.6+-13355223-b631.42)
# Java VM: OpenJDK 64-Bit Server VM (21.0.6+-13355223-b631.42, mixed mode, tiered, compressed oops, compressed class ptrs, g1 gc, windows-amd64)
GC Precious Log:
 CardTable entry size: 512
 Card Set container configuration: InlinePtr #cards 5 size 8 Array Of Cards #cards 12 size 40 Howl #buckets 4 coarsen threshold 1843 Howl Bitmap #cards 512 size 80 coarsen threshold 460 Card regions per heap region 1 cards per card region 2048
 CPUs: 12 total, 12 available
 Memory: 12159M
 Large Page Support: Disabled
 NUMA Support: Disabled
 Compressed Oops: Enabled (32-bit)
 Heap Region Size: 1M
 Heap Min Capacity: 8M
 Heap Initial Capacity: 190M
 Heap Max Capacity: 2G
 Pre-touch: Disabled
 Parallel Workers: 10
 Concurrent Workers: 3
 Concurrent Refinement Workers: 10
 Periodic GC: Disabled
Heap:
 garbage-first heap   total 300032K, used 224942K [0x0000000080000000, 0x0000000100000000)
  region size 1024K, 40 young (40960K), 12 survivors (12288K)
 Metaspace       used 140681K, committed 143040K, reserved 1179648K
  class space    used 19532K, committed 20736K, reserved 1048576K
GC Heap History (20 events):
Event: 12.335 GC heap before
{Heap before GC invocations=46 (full 0):
 garbage-first heap   total 242688K, used 207228K [0x0000000080000000, 0x0000000100000000)
  region size 1024K, 59 young (60416K), 8 survivors (8192K)
 Metaspace       used 119149K, committed 121344K, reserved 1179648K
  class space    used 16109K, committed 17216K, reserved 1048576K
}
Event: 12.339 GC heap after
{Heap after GC invocations=47 (full 0):
 garbage-first heap   total 242688K, used 160381K [0x0000000080000000, 0x0000000100000000)
  region size 1024K, 4 young (4096K), 4 survivors (4096K)
 Metaspace       used 119149K, committed 121344K, reserved 1179648K
  class space    used 16109K, committed 17216K, reserved 1048576K
}
Event: 12.418 GC heap before
{Heap before GC invocations=47 (full 0):
 garbage-first heap   total 242688K, used 211581K [0x0000000080000000, 0x0000000100000000)
  region size 1024K, 55 young (56320K), 4 survivors (4096K)
 Metaspace       used 119654K, committed 121856K, reserved 1179648K
  class space    used 16142K, committed 17280K, reserved 1048576K
}
Event: 12.421 GC heap after
{Heap after GC invocations=48 (full 0):
 garbage-first heap   total 291840K, used 160925K [0x0000000080000000, 0x0000000100000000)
  region size 1024K, 5 young (5120K), 5 survivors (5120K)
 Metaspace       used 119654K, committed 121856K, reserved 1179648K
  class space    used 16142K, committed 17280K, reserved 1048576K
}
Event: 12.590 GC heap before
{Heap before GC invocations=49 (full 0):
 garbage-first heap   total 291840K, used 230557K [0x0000000080000000, 0x0000000100000000)
  region size 1024K, 92 young (94208K), 5 survivors (5120K)
 Metaspace       used 120024K, committed 122240K, reserved 1179648K
  class space    used 16169K, committed 17280K, reserved 1048576K
}
Event: 12.595 GC heap after
{Heap after GC invocations=50 (full 0):
 garbage-first heap   total 291840K, used 145406K [0x0000000080000000, 0x0000000100000000)
  region size 1024K, 8 young (8192K), 8 survivors (8192K)
 Metaspace       used 120024K, committed 122240K, reserved 1179648K
  class space    used 16169K, committed 17280K, reserved 1048576K
}
Event: 13.136 GC heap before
{Heap before GC invocations=50 (full 0):
 garbage-first heap   total 291840K, used 265214K [0x0000000080000000, 0x0000000100000000)
  region size 1024K, 124 young (126976K), 8 survivors (8192K)
 Metaspace       used 121235K, committed 123456K, reserved 1179648K
  class space    used 16286K, committed 17408K, reserved 1048576K
}
Event: 13.140 GC heap after
{Heap after GC invocations=51 (full 0):
 garbage-first heap   total 291840K, used 129540K [0x0000000080000000, 0x0000000100000000)
  region size 1024K, 7 young (7168K), 7 survivors (7168K)
 Metaspace       used 121235K, committed 123456K, reserved 1179648K
  class space    used 16286K, committed 17408K, reserved 1048576K
}
Event: 13.885 GC heap before
{Heap before GC invocations=51 (full 0):
 garbage-first heap   total 291840K, used 267780K [0x0000000080000000, 0x0000000100000000)
  region size 1024K, 143 young (146432K), 7 survivors (7168K)
 Metaspace       used 123484K, committed 125696K, reserved 1179648K
  class space    used 16550K, committed 17664K, reserved 1048576K
}
Event: 13.891 GC heap after
{Heap after GC invocations=52 (full 0):
 garbage-first heap   total 291840K, used 134325K [0x0000000080000000, 0x0000000100000000)
  region size 1024K, 12 young (12288K), 12 survivors (12288K)
 Metaspace       used 123484K, committed 125696K, reserved 1179648K
  class space    used 16550K, committed 17664K, reserved 1048576K
}
Event: 14.195 GC heap before
{Heap before GC invocations=52 (full 0):
 garbage-first heap   total 291840K, used 262325K [0x0000000080000000, 0x0000000100000000)
  region size 1024K, 138 young (141312K), 12 survivors (12288K)
 Metaspace       used 123753K, committed 126016K, reserved 1179648K
  class space    used 16566K, committed 17664K, reserved 1048576K
}
Event: 14.200 GC heap after
{Heap after GC invocations=53 (full 0):
 garbage-first heap   total 291840K, used 136559K [0x0000000080000000, 0x0000000100000000)
  region size 1024K, 11 young (11264K), 11 survivors (11264K)
 Metaspace       used 123753K, committed 126016K, reserved 1179648K
  class space    used 16566K, committed 17664K, reserved 1048576K
}
Event: 14.775 GC heap before
{Heap before GC invocations=53 (full 0):
 garbage-first heap   total 291840K, used 263535K [0x0000000080000000, 0x0000000100000000)
  region size 1024K, 136 young (139264K), 11 survivors (11264K)
 Metaspace       used 129327K, committed 131520K, reserved 1179648K
  class space    used 17421K, committed 18496K, reserved 1048576K
}
Event: 14.788 GC heap after
{Heap after GC invocations=54 (full 0):
 garbage-first heap   total 294912K, used 155648K [0x0000000080000000, 0x0000000100000000)
  region size 1024K, 17 young (17408K), 17 survivors (17408K)
 Metaspace       used 129327K, committed 131520K, reserved 1179648K
  class space    used 17421K, committed 18496K, reserved 1048576K
}
Event: 15.093 GC heap before
{Heap before GC invocations=55 (full 0):
 garbage-first heap   total 294912K, used 262144K [0x0000000080000000, 0x0000000100000000)
  region size 1024K, 121 young (123904K), 17 survivors (17408K)
 Metaspace       used 132900K, committed 135168K, reserved 1179648K
  class space    used 18034K, committed 19136K, reserved 1048576K
}
Event: 15.108 GC heap after
{Heap after GC invocations=56 (full 0):
 garbage-first heap   total 300032K, used 175624K [0x0000000080000000, 0x0000000100000000)
  region size 1024K, 16 young (16384K), 16 survivors (16384K)
 Metaspace       used 132900K, committed 135168K, reserved 1179648K
  class space    used 18034K, committed 19136K, reserved 1048576K
}
Event: 15.295 GC heap before
{Heap before GC invocations=56 (full 0):
 garbage-first heap   total 300032K, used 265736K [0x0000000080000000, 0x0000000100000000)
  region size 1024K, 105 young (107520K), 16 survivors (16384K)
 Metaspace       used 136700K, committed 138944K, reserved 1179648K
  class space    used 18800K, committed 19904K, reserved 1048576K
}
Event: 15.310 GC heap after
{Heap after GC invocations=57 (full 0):
 garbage-first heap   total 300032K, used 184320K [0x0000000080000000, 0x0000000100000000)
  region size 1024K, 14 young (14336K), 14 survivors (14336K)
 Metaspace       used 136700K, committed 138944K, reserved 1179648K
  class space    used 18800K, committed 19904K, reserved 1048576K
}
Event: 15.425 GC heap before
{Heap before GC invocations=57 (full 0):
 garbage-first heap   total 300032K, used 268288K [0x0000000080000000, 0x0000000100000000)
  region size 1024K, 96 young (98304K), 14 survivors (14336K)
 Metaspace       used 139014K, committed 141248K, reserved 1179648K
  class space    used 19231K, committed 20352K, reserved 1048576K
}
Event: 15.437 GC heap after
{Heap after GC invocations=58 (full 0):
 garbage-first heap   total 300032K, used 199342K [0x0000000080000000, 0x0000000100000000)
  region size 1024K, 12 young (12288K), 12 survivors (12288K)
 Metaspace       used 139014K, committed 141248K, reserved 1179648K
  class space    used 19231K, committed 20352K, reserved 1048576K
}

